# JRE version: Java(TM) SE Runtime Environment (8.0_51-b16) (build 1.8.0_51-b16)
# Java VM: Java HotSpot(TM) 64-Bit Server VM (25.51-b03 mixed mode windows-amd64 compressed oops)
Heap:
 par new generation   total 77440K, used 32989K [0x0000000640000000, 0x0000000645400000, 0x00000006a0000000)
  eden space 68864K,  37% used [0x0000000640000000, 0x000000064196f250, 0x0000000644340000)
  from space 8576K,  80% used [0x0000000644ba0000, 0x00000006452682d0, 0x0000000645400000)
  to   space 8576K,   0% used [0x0000000644340000, 0x0000000644340000, 0x0000000644ba0000)
 concurrent mark-sweep generation total 2039880K, used 1223925K [0x00000006a0000000, 0x000000071c812000, 0x00000007c0000000)
 Metaspace       used 158334K, capacity 162227K, committed 162520K, reserved 1183744K
  class space    used 26034K, capacity 27352K, committed 27416K, reserved 1048576K
GC Heap History (10 events):
Event: 131.768 GC heap before
{Heap before GC invocations=634 (full 13):
 par new generation   total 77440K, used 77440K [0x0000000640000000, 0x0000000645400000, 0x00000006a0000000)
  eden space 68864K, 100% used [0x0000000640000000, 0x0000000644340000, 0x0000000644340000)
  from space 8576K, 100% used [0x0000000644340000, 0x0000000644ba0000, 0x0000000644ba0000)
  to   space 8576K,   0% used [0x0000000644ba0000, 0x0000000644ba0000, 0x0000000645400000)
 concurrent mark-sweep generation total 1357784K, used 1257421K [0x00000006a0000000, 0x00000006f2df6000, 0x00000007c0000000)
 Metaspace       used 157609K, capacity 161453K, committed 161624K, reserved 1183744K
  class space    used 25952K, capacity 27239K, committed 27288K, reserved 1048576K
Event: 131.787 GC heap after
Heap after GC invocations=635 (full 13):
 par new generation   total 77440K, used 8576K [0x0000000640000000, 0x0000000645400000, 0x00000006a0000000)
  eden space 68864K,   0% used [0x0000000640000000, 0x0000000640000000, 0x0000000644340000)
  from space 8576K, 100% used [0x0000000644ba0000, 0x0000000645400000, 0x0000000645400000)
  to   space 8576K,   0% used [0x0000000644340000, 0x0000000644340000, 0x0000000644ba0000)
 concurrent mark-sweep generation total 1357784K, used 1267856K [0x00000006a0000000, 0x00000006f2df6000, 0x00000007c0000000)
 Metaspace       used 157609K, capacity 161453K, committed 161624K, reserved 1183744K
  class space    used 25952K, capacity 27239K, committed 27288K, reserved 1048576K
}
Event: 131.903 GC heap before
{Heap before GC invocations=635 (full 13):
 par new generation   total 77440K, used 77440K [0x0000000640000000, 0x0000000645400000, 0x00000006a0000000)
  eden space 68864K, 100% used [0x0000000640000000, 0x0000000644340000, 0x0000000644340000)
  from space 8576K, 100% used [0x0000000644ba0000, 0x0000000645400000, 0x0000000645400000)
  to   space 8576K,   0% used [0x0000000644340000, 0x0000000644340000, 0x0000000644ba0000)
 concurrent mark-sweep generation total 1357784K, used 1267856K [0x00000006a0000000, 0x00000006f2df6000, 0x00000007c0000000)
 Metaspace       used 157612K, capacity 161453K, committed 161624K, reserved 1183744K
  class space    used 25952K, capacity 27239K, committed 27288K, reserved 1048576K
Event: 131.923 GC heap after
Heap after GC invocations=636 (full 13):
 par new generation   total 77440K, used 8576K [0x0000000640000000, 0x0000000645400000, 0x00000006a0000000)
  eden space 68864K,   0% used [0x0000000640000000, 0x0000000640000000, 0x0000000644340000)
  from space 8576K, 100% used [0x0000000644340000, 0x0000000644ba0000, 0x0000000644ba0000)
  to   space 8576K,   0% used [0x0000000644ba0000, 0x0000000644ba0000, 0x0000000645400000)
 concurrent mark-sweep generation total 1357784K, used 1279653K [0x00000006a0000000, 0x00000006f2df6000, 0x00000007c0000000)
 Metaspace       used 157612K, capacity 161453K, committed 161624K, reserved 1183744K
  class space    used 25952K, capacity 27239K, committed 27288K, reserved 1048576K
}
Event: 132.059 GC heap before
{Heap before GC invocations=636 (full 13):
 par new generation   total 77440K, used 77440K [0x0000000640000000, 0x0000000645400000, 0x00000006a0000000)
  eden space 68864K, 100% used [0x0000000640000000, 0x0000000644340000, 0x0000000644340000)
  from space 8576K, 100% used [0x0000000644340000, 0x0000000644ba0000, 0x0000000644ba0000)
  to   space 8576K,   0% used [0x0000000644ba0000, 0x0000000644ba0000, 0x0000000645400000)
 concurrent mark-sweep generation total 1357784K, used 1279653K [0x00000006a0000000, 0x00000006f2df6000, 0x00000007c0000000)
 Metaspace       used 157639K, capacity 161453K, committed 161624K, reserved 1183744K
  class space    used 25953K, capacity 27239K, committed 27288K, reserved 1048576K
Event: 132.079 GC heap after
Heap after GC invocations=637 (full 13):
 par new generation   total 77440K, used 8576K [0x0000000640000000, 0x0000000645400000, 0x00000006a0000000)
  eden space 68864K,   0% used [0x0000000640000000, 0x0000000640000000, 0x0000000644340000)
  from space 8576K, 100% used [0x0000000644ba0000, 0x0000000645400000, 0x0000000645400000)
  to   space 8576K,   0% used [0x0000000644340000, 0x0000000644340000, 0x0000000644ba0000)
 concurrent mark-sweep generation total 1357784K, used 1290674K [0x00000006a0000000, 0x00000006f2df6000, 0x00000007c0000000)
 Metaspace       used 157639K, capacity 161453K, committed 161624K, reserved 1183744K
  class space    used 25953K, capacity 27239K, committed 27288K, reserved 1048576K
}
Event: 132.338 GC heap before
{Heap before GC invocations=637 (full 13):
 par new generation   total 77440K, used 77440K [0x0000000640000000, 0x0000000645400000, 0x00000006a0000000)
  eden space 68864K, 100% used [0x0000000640000000, 0x0000000644340000, 0x0000000644340000)
  from space 8576K, 100% used [0x0000000644ba0000, 0x0000000645400000, 0x0000000645400000)
  to   space 8576K,   0% used [0x0000000644340000, 0x0000000644340000, 0x0000000644ba0000)
 concurrent mark-sweep generation total 1357784K, used 1290674K [0x00000006a0000000, 0x00000006f2df6000, 0x00000007c0000000)
 Metaspace       used 157815K, capacity 161667K, committed 161880K, reserved 1183744K
  class space    used 25975K, capacity 27244K, committed 27288K, reserved 1048576K
Event: 132.353 GC heap after
Heap after GC invocations=638 (full 13):
 par new generation   total 77440K, used 8576K [0x0000000640000000, 0x0000000645400000, 0x00000006a0000000)
  eden space 68864K,   0% used [0x0000000640000000, 0x0000000640000000, 0x0000000644340000)
  from space 8576K, 100% used [0x0000000644340000, 0x0000000644ba0000, 0x0000000644ba0000)
  to   space 8576K,   0% used [0x0000000644ba0000, 0x0000000644ba0000, 0x0000000645400000)
 concurrent mark-sweep generation total 1357784K, used 1297803K [0x00000006a0000000, 0x00000006f2df6000, 0x00000007c0000000)
 Metaspace       used 157815K, capacity 161667K, committed 161880K, reserved 1183744K
  class space    used 25975K, capacity 27244K, committed 27288K, reserved 1048576K
}
Event: 132.740 GC heap before
{Heap before GC invocations=638 (full 13):
 par new generation   total 77440K, used 77440K [0x0000000640000000, 0x0000000645400000, 0x00000006a0000000)
  eden space 68864K, 100% used [0x0000000640000000, 0x0000000644340000, 0x0000000644340000)
  from space 8576K, 100% used [0x0000000644340000, 0x0000000644ba0000, 0x0000000644ba0000)
  to   space 8576K,   0% used [0x0000000644ba0000, 0x0000000644ba0000, 0x0000000645400000)
 concurrent mark-sweep generation total 1357784K, used 1281853K [0x00000006a0000000, 0x00000006f2df6000, 0x00000007c0000000)
 Metaspace       used 158211K, capacity 162089K, committed 162136K, reserved 1183744K
  class space    used 26021K, capacity 27287K, committed 27288K, reserved 1048576K
Event: 132.757 GC heap after
Heap after GC invocations=639 (full 13):
 par new generation   total 77440K, used 6944K [0x0000000640000000, 0x0000000645400000, 0x00000006a0000000)
  eden space 68864K,   0% used [0x0000000640000000, 0x0000000640000000, 0x0000000644340000)
  from space 8576K,  80% used [0x0000000644ba0000, 0x00000006452682d0, 0x0000000645400000)
  to   space 8576K,   0% used [0x0000000644340000, 0x0000000644340000, 0x0000000644ba0000)
 concurrent mark-sweep generation total 1357784K, used 1287915K [0x00000006a0000000, 0x00000006f2df6000, 0x00000007c0000000)
 Metaspace       used 158211K, capacity 162089K, committed 162136K, reserved 1183744K
  class space    used 26021K, capacity 27287K, committed 27288K, reserved 1048576K
}

